  Building Custom Rule D:/test1/Yolo-Fastest-master/CMakeLists.txt
  用于 x64 的 Microsoft (R) C/C++ 优化编译器 19.00.24215.1 版
  版权所有(C) Microsoft Corporation。保留所有权利。
  
  cl /c /I"D:\test1\Yolo-Fastest-master\include" /I"D:\test1\Yolo-Fastest-master\src" /I"D:\test1\Yolo-Fastest-master\3rdparty\stb\include" /I"D:\test1\Yolo-Fastest-master\3rdparty\pthreads\include" /Zi /W1 /WX- /Od /Ob0 /D _WINDLL /D _MBCS /D WIN32 /D _WINDOWS /D LIB_EXPORTS=1 /D USE_CMAKE_LIBS /D _CRT_RAND_S /D NOMINMAX /D _USE_MATH_DEFINES /D _CRT_SECURE_NO_WARNINGS /D _TIMESPEC_DEFINED /D "CMAKE_INTDIR=\"Debug\"" /D dark_EXPORTS /Gm- /EHsc /RTC1 /MDd /GS /fp:fast /Zc:wchar_t /Zc:forScope /Zc:inline /GR /openmp /Fo"dark.dir\Debug\\" /Fd"dark.dir\Debug\vc140.pdb" /Gd /TP /wd4013 /wd4018 /wd4028 /wd4047 /wd4068 /wd4090 /wd4101 /wd4113 /wd4133 /wd4190 /wd4244 /wd4267 /wd4305 /wd4477 /wd4996 /wd4819 /errorReport:prompt "D:\test1\Yolo-Fastest-master\src\yolo_v2_class.cpp" "D:\test1\Yolo-Fastest-master\src\http_stream.cpp" "D:\test1\Yolo-Fastest-master\src\image_opencv.cpp"
  
  yolo_v2_class.cpp
  http_stream.cpp
  image_opencv.cpp
  正在生成代码...
  用于 x64 的 Microsoft (R) C/C++ 优化编译器 19.00.24215.1 版
  版权所有(C) Microsoft Corporation。保留所有权利。
  
  cl /c /I"D:\test1\Yolo-Fastest-master\include" /I"D:\test1\Yolo-Fastest-master\src" /I"D:\test1\Yolo-Fastest-master\3rdparty\stb\include" /I"D:\test1\Yolo-Fastest-master\3rdparty\pthreads\include" /Zi /W1 /WX- /Od /Ob0 /D _WINDLL /D _MBCS /D WIN32 /D _WINDOWS /D LIB_EXPORTS=1 /D USE_CMAKE_LIBS /D _CRT_RAND_S /D NOMINMAX /D _USE_MATH_DEFINES /D _CRT_SECURE_NO_WARNINGS /D _TIMESPEC_DEFINED /D "CMAKE_INTDIR=\"Debug\"" /D dark_EXPORTS /Gm- /EHsc /RTC1 /MDd /GS /fp:fast /Zc:wchar_t /Zc:forScope /Zc:inline /GR /openmp /Fo"dark.dir\Debug\\" /Fd"dark.dir\Debug\vc140.pdb" /Gd /TC /wd4013 /wd4018 /wd4028 /wd4047 /wd4068 /wd4090 /wd4101 /wd4113 /wd4133 /wd4190 /wd4244 /wd4267 /wd4305 /wd4477 /wd4996 /wd4819 /errorReport:prompt "D:\test1\Yolo-Fastest-master\src\activation_layer.c" "D:\test1\Yolo-Fastest-master\src\activations.c" "D:\test1\Yolo-Fastest-master\src\art.c" "D:\test1\Yolo-Fastest-master\src\avgpool_layer.c" "D:\test1\Yolo-Fastest-master\src\batchnorm_layer.c" "D:\test1\Yolo-Fastest-master\src\blas.c" "D:\test1\Yolo-Fastest-master\src\box.c" "D:\test1\Yolo-Fastest-master\src\captcha.c" "D:\test1\Yolo-Fastest-master\src\cifar.c" "D:\test1\Yolo-Fastest-master\src\classifier.c" "D:\test1\Yolo-Fastest-master\src\coco.c" "D:\test1\Yolo-Fastest-master\src\col2im.c" "D:\test1\Yolo-Fastest-master\src\compare.c" "D:\test1\Yolo-Fastest-master\src\connected_layer.c" "D:\test1\Yolo-Fastest-master\src\conv_lstm_layer.c" "D:\test1\Yolo-Fastest-master\src\convolutional_layer.c" "D:\test1\Yolo-Fastest-master\src\cost_layer.c" "D:\test1\Yolo-Fastest-master\src\cpu_gemm.c" "D:\test1\Yolo-Fastest-master\src\crnn_layer.c" "D:\test1\Yolo-Fastest-master\src\crop_layer.c" "D:\test1\Yolo-Fastest-master\src\dark_cuda.c" "D:\test1\Yolo-Fastest-master\src\data.c" "D:\test1\Yolo-Fastest-master\src\deconvolutional_layer.c" "D:\test1\Yolo-Fastest-master\src\demo.c" "D:\test1\Yolo-Fastest-master\src\detection_layer.c" "D:\test1\Yolo-Fastest-master\src\detector.c" "D:\test1\Yolo-Fastest-master\src\dice.c" "D:\test1\Yolo-Fastest-master\src\dropout_layer.c" "D:\test1\Yolo-Fastest-master\src\gaussian_yolo_layer.c" "D:\test1\Yolo-Fastest-master\src\gemm.c" "D:\test1\Yolo-Fastest-master\src\getopt.c" "D:\test1\Yolo-Fastest-master\src\gettimeofday.c" "D:\test1\Yolo-Fastest-master\src\go.c" "D:\test1\Yolo-Fastest-master\src\gru_layer.c" "D:\test1\Yolo-Fastest-master\src\im2col.c" "D:\test1\Yolo-Fastest-master\src\image.c" "D:\test1\Yolo-Fastest-master\src\layer.c" "D:\test1\Yolo-Fastest-master\src\list.c" "D:\test1\Yolo-Fastest-master\src\local_layer.c" "D:\test1\Yolo-Fastest-master\src\lstm_layer.c" "D:\test1\Yolo-Fastest-master\src\matrix.c" "D:\test1\Yolo-Fastest-master\src\maxpool_layer.c" "D:\test1\Yolo-Fastest-master\src\network.c" "D:\test1\Yolo-Fastest-master\src\nightmare.c" "D:\test1\Yolo-Fastest-master\src\normalization_layer.c" "D:\test1\Yolo-Fastest-master\src\option_list.c" "D:\test1\Yolo-Fastest-master\src\parser.c" "D:\test1\Yolo-Fastest-master\src\region_layer.c" "D:\test1\Yolo-Fastest-master\src\reorg_layer.c" "D:\test1\Yolo-Fastest-master\src\reorg_old_layer.c" "D:\test1\Yolo-Fastest-master\src\rnn.c" "D:\test1\Yolo-Fastest-master\src\rnn_layer.c" "D:\test1\Yolo-Fastest-master\src\rnn_vid.c" "D:\test1\Yolo-Fastest-master\src\route_layer.c" "D:\test1\Yolo-Fastest-master\src\sam_layer.c" "D:\test1\Yolo-Fastest-master\src\scale_channels_layer.c" "D:\test1\Yolo-Fastest-master\src\shortcut_layer.c" "D:\test1\Yolo-Fastest-master\src\softmax_layer.c" "D:\test1\Yolo-Fastest-master\src\super.c" "D:\test1\Yolo-Fastest-master\src\swag.c" "D:\test1\Yolo-Fastest-master\src\tag.c" "D:\test1\Yolo-Fastest-master\src\tree.c" "D:\test1\Yolo-Fastest-master\src\upsample_layer.c" "D:\test1\Yolo-Fastest-master\src\utils.c" "D:\test1\Yolo-Fastest-master\src\voxel.c" "D:\test1\Yolo-Fastest-master\src\writing.c" "D:\test1\Yolo-Fastest-master\src\yolo.c" "D:\test1\Yolo-Fastest-master\src\yolo_layer.c"
  
  activation_layer.c
  activations.c
  art.c
  avgpool_layer.c
  batchnorm_layer.c
  blas.c
  box.c
  captcha.c
  cifar.c
  classifier.c
  coco.c
  col2im.c
  compare.c
  connected_layer.c
  conv_lstm_layer.c
  convolutional_layer.c
  cost_layer.c
  cpu_gemm.c
  crnn_layer.c
  crop_layer.c
  正在生成代码...
  正在编译...
  dark_cuda.c
  data.c
  deconvolutional_layer.c
  demo.c
  detection_layer.c
  detector.c
  dice.c
  dropout_layer.c
  gaussian_yolo_layer.c
  gemm.c
  getopt.c
  gettimeofday.c
  go.c
  gru_layer.c
  im2col.c
  image.c
  layer.c
  list.c
  local_layer.c
  lstm_layer.c
  正在生成代码...
d:\test1\yolo-fastest-master\src\gemm.c(719): warning C4752: 发现 Intel(R) 高级矢量扩展；请考虑使用 /arch:AVX
d:\test1\yolo-fastest-master\src\gemm.c(1305): warning C4752: 发现 Intel(R) 高级矢量扩展；请考虑使用 /arch:AVX
d:\test1\yolo-fastest-master\src\gemm.c(1779): warning C4752: 发现 Intel(R) 高级矢量扩展；请考虑使用 /arch:AVX
d:\test1\yolo-fastest-master\src\gemm.c(917): warning C4752: 发现 Intel(R) 高级矢量扩展；请考虑使用 /arch:AVX
d:\test1\yolo-fastest-master\src\gemm.c(1057): warning C4752: 发现 Intel(R) 高级矢量扩展；请考虑使用 /arch:AVX
d:\test1\yolo-fastest-master\src\gemm.c(809): warning C4752: 发现 Intel(R) 高级矢量扩展；请考虑使用 /arch:AVX
d:\test1\yolo-fastest-master\src\gemm.c(1476): warning C4752: 发现 Intel(R) 高级矢量扩展；请考虑使用 /arch:AVX
d:\test1\yolo-fastest-master\src\gemm.c(1571): warning C4752: 发现 Intel(R) 高级矢量扩展；请考虑使用 /arch:AVX
d:\test1\yolo-fastest-master\src\gemm.c(1235): warning C4752: 发现 Intel(R) 高级矢量扩展；请考虑使用 /arch:AVX
d:\test1\yolo-fastest-master\src\gemm.c(1352): warning C4752: 发现 Intel(R) 高级矢量扩展；请考虑使用 /arch:AVX
d:\test1\yolo-fastest-master\src\gemm.c(1908): warning C4752: 发现 Intel(R) 高级矢量扩展；请考虑使用 /arch:AVX
d:\test1\yolo-fastest-master\src\gemm.c(1682): warning C4752: 发现 Intel(R) 高级矢量扩展；请考虑使用 /arch:AVX
  正在编译...
  matrix.c
  maxpool_layer.c
  network.c
  nightmare.c
  normalization_layer.c
  option_list.c
  parser.c
  region_layer.c
  reorg_layer.c
  reorg_old_layer.c
  rnn.c
  rnn_layer.c
  rnn_vid.c
  route_layer.c
  sam_layer.c
  scale_channels_layer.c
  shortcut_layer.c
  softmax_layer.c
  super.c
  swag.c
  正在生成代码...
  正在编译...
  tag.c
  tree.c
  upsample_layer.c
  utils.c
  voxel.c
  writing.c
  yolo.c
  yolo_layer.c
  正在生成代码...
    正在创建库 D:/test1/Yolo-Fastest-master/Debug/darknetd.lib 和对象 D:/test1/Yolo-Fastest-master/Debug/darknetd.exp
  dark.vcxproj -> D:\test1\Yolo-Fastest-master\Debug\darknetd.dll
  dark.vcxproj -> D:/test1/Yolo-Fastest-master/Debug/darknetd.pdb (Full PDB)
